ProjectFirst04/faceunity/build/outputs/logs/manifest-merger-debug-report.txt
-- Merging decision tree log ---
manifest
ADDED from ProjectFirst04\faceunity\AndroidManifest.xml:1:1-10:12
INJECTED from ProjectFirst04\faceunity\AndroidManifest.xml:1:1-10:12
INJECTED from ProjectFirst04\faceunity\AndroidManifest.xml:1:1-10:12
	package
		ADDED from ProjectFirst04\faceunity\AndroidManifest.xml:3:5-28
		INJECTED from ProjectFirst04\faceunity\AndroidManifest.xml
		INJECTED from ProjectFirst04\faceunity\AndroidManifest.xml
	xmlns:android
		ADDED from ProjectFirst04\faceunity\AndroidManifest.xml:1:11-69
application
ADDED from ProjectFirst04\faceunity\AndroidManifest.xml:5:5-8:19
	android:supportsRtl
		ADDED from ProjectFirst04\faceunity\AndroidManifest.xml:6:9-35
	android:label
		ADDED from ProjectFirst04\faceunity\AndroidManifest.xml:5:45-77
	android:allowBackup
		ADDED from ProjectFirst04\faceunity\AndroidManifest.xml:5:18-44
uses-sdk
INJECTED from ProjectFirst04\faceunity\AndroidManifest.xml reason: use-sdk injection requested
INJECTED from ProjectFirst04\faceunity\AndroidManifest.xml
INJECTED from ProjectFirst04\faceunity\AndroidManifest.xml
INJECTED from ProjectFirst04\faceunity\AndroidManifest.xml
INJECTED from ProjectFirst04\faceunity\AndroidManifest.xml
	android:targetSdkVersion
		INJECTED from ProjectFirst04\faceunity\AndroidManifest.xml
		ADDED from ProjectFirst04\faceunity\AndroidManifest.xml
		INJECTED from ProjectFirst04\faceunity\AndroidManifest.xml
	android:minSdkVersion
		INJECTED from ProjectFirst04\faceunity\AndroidManifest.xml
		ADDED from ProjectFirst04\faceunity\AndroidManifest.xml
		INJECTED from ProjectFirst04\faceunity\AndroidManifest.xml